<?xml version="1.0" encoding="UTF-8"?>
<!-- Generated by org.testng.reporters.JUnitXMLReporter -->
<testsuite ignored="0" hostname="ISIPLMUMLP219" failures="0" tests="2" name="Default test" time="5.694" errors="0" timestamp="2023-03-04T09:25:37 IST">
  <testcase classname="RestAssuredProjectDemo.RestAssuredProjectDemo.PetStoreDemo" name="createPet" time="3.531"/>
  <testcase classname="RestAssuredProjectDemo.RestAssuredProjectDemo.PetStoreDemo" name="getPet" time="2.11"/>
</testsuite> <!-- Default test -->
