<?xml version="1.0" encoding="UTF-8"?>
<testng-results ignored="0" total="2" passed="2" failed="0" skipped="0">
  <reporter-output>
  </reporter-output>
  <suite started-at="2023-03-04T09:25:31 IST" name="Default suite" finished-at="2023-03-04T09:25:37 IST" duration-ms="5694">
    <groups>
    </groups>
    <test started-at="2023-03-04T09:25:31 IST" name="Default test" finished-at="2023-03-04T09:25:37 IST" duration-ms="5694">
      <class name="RestAssuredProjectDemo.RestAssuredProjectDemo.PetStoreDemo">
        <test-method signature="createPet()[pri:1, instance:RestAssuredProjectDemo.RestAssuredProjectDemo.PetStoreDemo@59af0466]" started-at="2023-03-04T09:25:32 IST" name="createPet" finished-at="2023-03-04T09:25:35 IST" duration-ms="3531" status="PASS">
          <reporter-output>
          </reporter-output>
        </test-method> <!-- createPet -->
        <test-method signature="getPet()[pri:2, instance:RestAssuredProjectDemo.RestAssuredProjectDemo.PetStoreDemo@59af0466]" started-at="2023-03-04T09:25:35 IST" name="getPet" finished-at="2023-03-04T09:25:37 IST" duration-ms="2110" status="PASS">
          <reporter-output>
          </reporter-output>
        </test-method> <!-- getPet -->
      </class> <!-- RestAssuredProjectDemo.RestAssuredProjectDemo.PetStoreDemo -->
    </test> <!-- Default test -->
  </suite> <!-- Default suite -->
</testng-results>
